2024-08-05T17:47:06.573743+0300,INFO,60226257
2024-08-05T17:47:07.469963+0300,INFO,TBY
2024-08-05T17:47:07.469963+0300,INFO,(10000000000000000, 0.01)
2024-08-05T17:47:12.193808+0300,INFO,60226259
2024-08-05T17:47:13.087362+0300,INFO,TBY
2024-08-05T17:47:13.087362+0300,INFO,(10000000000000000, 0.01)
2024-08-05T17:47:14.863825+0300,INFO,[0.01, 0.000433758252518226]
2024-08-05T17:47:16.597589+0300,INFO,[('0x7ff2124df7f719e604373be50f90b31cc945dead', 450569816834864892974), ('0x1af1d95496fc89730923cf7513ca9ed3e04cd9a0', 57797882783744110933), ('0xabb4fa248f2153eed351fc35218f958b1c1e82fc', 41355056758324028820), ('0xe61cd15711723c558ac2e34c0b0af9a69d926533', 33150034847908860837), ('0xac340548f3018e5f4a4a469cec02490706a5e974', 26100420989016988879), ('0xb0936428d25c85544756efa3e487c18a9a26262a', 25298808790053503517), ('0x5f84192d83a49c2d7aac6c859a7bdabf18e970b8', 17232193625651018117), ('0xdb342d7e9f044976f6d223f0c4806bb1a9f1b889', 13387179191868389318), ('0xa9bc2c57082e13c1b4b65802e9399d8c1acb3a3b', 12350058733639739420), ('0x4cea551af8db846fe9399ee2dbe2fef45f4e338d', 10962319781369388000)]
2024-08-05T17:47:16.634159+0300,INFO,Address: 0x7ff2124df7f719e604373be50f90b31cc945dead, Balance: 450569816834864892974
2024-08-05T17:47:16.635162+0300,INFO,Address: 0x1af1d95496fc89730923cf7513ca9ed3e04cd9a0, Balance: 57797882783744110933
2024-08-05T17:47:16.635162+0300,INFO,Address: 0xabb4fa248f2153eed351fc35218f958b1c1e82fc, Balance: 41355056758324028820
2024-08-05T17:47:16.635162+0300,INFO,Address: 0xe61cd15711723c558ac2e34c0b0af9a69d926533, Balance: 33150034847908860837
2024-08-05T17:47:16.635162+0300,INFO,Address: 0xac340548f3018e5f4a4a469cec02490706a5e974, Balance: 26100420989016988879
2024-08-05T17:47:16.635162+0300,INFO,Address: 0xb0936428d25c85544756efa3e487c18a9a26262a, Balance: 25298808790053503517
2024-08-05T17:47:16.635162+0300,INFO,Address: 0x5f84192d83a49c2d7aac6c859a7bdabf18e970b8, Balance: 17232193625651018117
2024-08-05T17:47:16.635162+0300,INFO,Address: 0xdb342d7e9f044976f6d223f0c4806bb1a9f1b889, Balance: 13387179191868389318
2024-08-05T17:47:16.635162+0300,INFO,Address: 0xa9bc2c57082e13c1b4b65802e9399d8c1acb3a3b, Balance: 12350058733639739420
2024-08-05T17:47:16.635162+0300,INFO,Address: 0x4cea551af8db846fe9399ee2dbe2fef45f4e338d, Balance: 10962319781369388000
2024-08-05T17:47:28.401715+0300,INFO,Address: 0x7ff2124df7f719e604373be50f90b31cc945dead, Balance: 450569816834864892974, Date: 2024-08-05T12:14:41+00:00
2024-08-05T17:47:28.401715+0300,INFO,Address: 0x1af1d95496fc89730923cf7513ca9ed3e04cd9a0, Balance: 57797882783744110933, Date: 2024-08-04T09:04:23+00:00
2024-08-05T17:47:28.401715+0300,INFO,Address: 0xabb4fa248f2153eed351fc35218f958b1c1e82fc, Balance: 41355056758324028820, Date: 2024-07-17T05:48:00+00:00
2024-08-05T17:47:28.401715+0300,INFO,Address: 0xe61cd15711723c558ac2e34c0b0af9a69d926533, Balance: 33150034847908860837, Date: 2024-08-02T14:07:54+00:00
2024-08-05T17:47:28.402217+0300,INFO,Address: 0xac340548f3018e5f4a4a469cec02490706a5e974, Balance: 26100420989016988879, Date: 2024-08-05T08:40:18+00:00
2024-08-05T17:51:40.767469+0300,INFO,60226387
2024-08-05T17:51:41.663414+0300,INFO,TBY
2024-08-05T17:51:41.663414+0300,INFO,(10000000000000000, 0.01)
2024-08-05T17:51:43.436561+0300,INFO,[0.01, 0.000433758252518226]
2024-08-05T17:51:45.176300+0300,INFO,[('0x7ff2124df7f719e604373be50f90b31cc945dead', 450569816834864892974), ('0x1af1d95496fc89730923cf7513ca9ed3e04cd9a0', 57797882783744110933), ('0xabb4fa248f2153eed351fc35218f958b1c1e82fc', 41355056758324028820), ('0xe61cd15711723c558ac2e34c0b0af9a69d926533', 33150034847908860837), ('0xac340548f3018e5f4a4a469cec02490706a5e974', 26100420989016988879), ('0xb0936428d25c85544756efa3e487c18a9a26262a', 25298808790053503517), ('0x5f84192d83a49c2d7aac6c859a7bdabf18e970b8', 17232193625651018117), ('0xdb342d7e9f044976f6d223f0c4806bb1a9f1b889', 13387179191868389318), ('0xa9bc2c57082e13c1b4b65802e9399d8c1acb3a3b', 12350058733639739420), ('0x4cea551af8db846fe9399ee2dbe2fef45f4e338d', 10962319781369388000)]
2024-08-05T17:51:45.177307+0300,INFO,Address: 0x7ff2124df7f719e604373be50f90b31cc945dead, Balance: 450569816834864892974
2024-08-05T17:51:45.177307+0300,INFO,Address: 0x1af1d95496fc89730923cf7513ca9ed3e04cd9a0, Balance: 57797882783744110933
2024-08-05T17:51:45.177307+0300,INFO,Address: 0xabb4fa248f2153eed351fc35218f958b1c1e82fc, Balance: 41355056758324028820
2024-08-05T17:51:45.177307+0300,INFO,Address: 0xe61cd15711723c558ac2e34c0b0af9a69d926533, Balance: 33150034847908860837
2024-08-05T17:51:45.177307+0300,INFO,Address: 0xac340548f3018e5f4a4a469cec02490706a5e974, Balance: 26100420989016988879
2024-08-05T17:51:45.177307+0300,INFO,Address: 0xb0936428d25c85544756efa3e487c18a9a26262a, Balance: 25298808790053503517
2024-08-05T17:51:45.177307+0300,INFO,Address: 0x5f84192d83a49c2d7aac6c859a7bdabf18e970b8, Balance: 17232193625651018117
2024-08-05T17:51:45.177307+0300,INFO,Address: 0xdb342d7e9f044976f6d223f0c4806bb1a9f1b889, Balance: 13387179191868389318
2024-08-05T17:51:45.178308+0300,INFO,Address: 0xa9bc2c57082e13c1b4b65802e9399d8c1acb3a3b, Balance: 12350058733639739420
2024-08-05T17:51:45.178308+0300,INFO,Address: 0x4cea551af8db846fe9399ee2dbe2fef45f4e338d, Balance: 10962319781369388000
2024-08-05T17:51:56.459899+0300,INFO,Address: 0x7ff2124df7f719e604373be50f90b31cc945dead, Balance: 450569816834864892974, Date: 2024-08-05T12:14:41+00:00
2024-08-05T17:51:56.460401+0300,INFO,Address: 0x1af1d95496fc89730923cf7513ca9ed3e04cd9a0, Balance: 57797882783744110933, Date: 2024-08-04T09:04:23+00:00
2024-08-05T17:51:56.460401+0300,INFO,Address: 0xabb4fa248f2153eed351fc35218f958b1c1e82fc, Balance: 41355056758324028820, Date: 2024-07-17T05:48:00+00:00
2024-08-05T17:51:56.460401+0300,INFO,Address: 0xe61cd15711723c558ac2e34c0b0af9a69d926533, Balance: 33150034847908860837, Date: 2024-08-02T14:07:54+00:00
2024-08-05T17:51:56.460401+0300,INFO,Address: 0xac340548f3018e5f4a4a469cec02490706a5e974, Balance: 26100420989016988879, Date: 2024-08-05T08:40:18+00:00
2024-08-05T17:52:09.490091+0300,INFO,60226400
2024-08-05T17:52:10.398896+0300,INFO,TBY
2024-08-05T17:52:10.398896+0300,INFO,(10000000000000000, 0.01)
2024-08-05T17:52:12.176302+0300,INFO,[0.01, 0.000433758252518226]
2024-08-05T17:52:13.914264+0300,INFO,[('0x7ff2124df7f719e604373be50f90b31cc945dead', 450569816834864892974), ('0x1af1d95496fc89730923cf7513ca9ed3e04cd9a0', 57797882783744110933), ('0xabb4fa248f2153eed351fc35218f958b1c1e82fc', 41355056758324028820), ('0xe61cd15711723c558ac2e34c0b0af9a69d926533', 33150034847908860837), ('0xac340548f3018e5f4a4a469cec02490706a5e974', 26100420989016988879), ('0xb0936428d25c85544756efa3e487c18a9a26262a', 25298808790053503517), ('0x5f84192d83a49c2d7aac6c859a7bdabf18e970b8', 17232193625651018117), ('0xdb342d7e9f044976f6d223f0c4806bb1a9f1b889', 13387179191868389318), ('0xa9bc2c57082e13c1b4b65802e9399d8c1acb3a3b', 12350058733639739420), ('0x4cea551af8db846fe9399ee2dbe2fef45f4e338d', 10962319781369388000)]
2024-08-05T17:52:13.914264+0300,INFO,Address: 0x7ff2124df7f719e604373be50f90b31cc945dead, Balance: 450569816834864892974
2024-08-05T17:52:13.914264+0300,INFO,Address: 0x1af1d95496fc89730923cf7513ca9ed3e04cd9a0, Balance: 57797882783744110933
2024-08-05T17:52:13.914264+0300,INFO,Address: 0xabb4fa248f2153eed351fc35218f958b1c1e82fc, Balance: 41355056758324028820
2024-08-05T17:52:13.914264+0300,INFO,Address: 0xe61cd15711723c558ac2e34c0b0af9a69d926533, Balance: 33150034847908860837
2024-08-05T17:52:13.914264+0300,INFO,Address: 0xac340548f3018e5f4a4a469cec02490706a5e974, Balance: 26100420989016988879
2024-08-05T17:52:13.914264+0300,INFO,Address: 0xb0936428d25c85544756efa3e487c18a9a26262a, Balance: 25298808790053503517
2024-08-05T17:52:13.915767+0300,INFO,Address: 0x5f84192d83a49c2d7aac6c859a7bdabf18e970b8, Balance: 17232193625651018117
2024-08-05T17:52:13.915767+0300,INFO,Address: 0xdb342d7e9f044976f6d223f0c4806bb1a9f1b889, Balance: 13387179191868389318
2024-08-05T17:52:13.915767+0300,INFO,Address: 0xa9bc2c57082e13c1b4b65802e9399d8c1acb3a3b, Balance: 12350058733639739420
2024-08-05T17:52:13.915767+0300,INFO,Address: 0x4cea551af8db846fe9399ee2dbe2fef45f4e338d, Balance: 10962319781369388000
2024-08-05T17:52:23.144477+0300,INFO,Address: 0x7ff2124df7f719e604373be50f90b31cc945dead, Balance: 450569816834864892974, Date: 2024-08-05T12:14:41+00:00
2024-08-05T17:52:23.144477+0300,INFO,Address: 0x1af1d95496fc89730923cf7513ca9ed3e04cd9a0, Balance: 57797882783744110933, Date: 2024-08-04T09:04:23+00:00
2024-08-05T17:52:23.144477+0300,INFO,Address: 0xabb4fa248f2153eed351fc35218f958b1c1e82fc, Balance: 41355056758324028820, Date: 2024-07-17T05:48:00+00:00
2024-08-05T17:52:23.144477+0300,INFO,Address: 0xe61cd15711723c558ac2e34c0b0af9a69d926533, Balance: 33150034847908860837, Date: 2024-08-02T14:07:54+00:00
2024-08-05T17:52:23.144477+0300,INFO,Address: 0xac340548f3018e5f4a4a469cec02490706a5e974, Balance: 26100420989016988879, Date: 2024-08-05T08:40:18+00:00
2024-08-05T17:55:29.361073+0300,INFO,60226495
2024-08-05T17:55:30.258475+0300,INFO,TBY
2024-08-05T17:55:30.258475+0300,INFO,(10000000000000000, 0.01)
2024-08-05T17:55:32.061813+0300,INFO,[0.01, 0.000433758252518226]
2024-08-05T17:55:33.777317+0300,INFO,[('0x7ff2124df7f719e604373be50f90b31cc945dead', 450569816834864892974), ('0x1af1d95496fc89730923cf7513ca9ed3e04cd9a0', 57797882783744110933), ('0xabb4fa248f2153eed351fc35218f958b1c1e82fc', 41355056758324028820), ('0xe61cd15711723c558ac2e34c0b0af9a69d926533', 33150034847908860837), ('0xac340548f3018e5f4a4a469cec02490706a5e974', 26100420989016988879), ('0xb0936428d25c85544756efa3e487c18a9a26262a', 25298808790053503517), ('0x5f84192d83a49c2d7aac6c859a7bdabf18e970b8', 17232193625651018117), ('0xdb342d7e9f044976f6d223f0c4806bb1a9f1b889', 13387179191868389318), ('0xa9bc2c57082e13c1b4b65802e9399d8c1acb3a3b', 12350058733639739420), ('0x4cea551af8db846fe9399ee2dbe2fef45f4e338d', 10962319781369388000)]
2024-08-05T17:55:33.777317+0300,INFO,Address: 0x7ff2124df7f719e604373be50f90b31cc945dead, Balance: 450569816834864892974
2024-08-05T17:55:33.777317+0300,INFO,Address: 0x1af1d95496fc89730923cf7513ca9ed3e04cd9a0, Balance: 57797882783744110933
2024-08-05T17:55:33.777317+0300,INFO,Address: 0xabb4fa248f2153eed351fc35218f958b1c1e82fc, Balance: 41355056758324028820
2024-08-05T17:55:33.777317+0300,INFO,Address: 0xe61cd15711723c558ac2e34c0b0af9a69d926533, Balance: 33150034847908860837
2024-08-05T17:55:33.777317+0300,INFO,Address: 0xac340548f3018e5f4a4a469cec02490706a5e974, Balance: 26100420989016988879
2024-08-05T17:55:33.778318+0300,INFO,Address: 0xb0936428d25c85544756efa3e487c18a9a26262a, Balance: 25298808790053503517
2024-08-05T17:55:33.778318+0300,INFO,Address: 0x5f84192d83a49c2d7aac6c859a7bdabf18e970b8, Balance: 17232193625651018117
2024-08-05T17:55:33.778318+0300,INFO,Address: 0xdb342d7e9f044976f6d223f0c4806bb1a9f1b889, Balance: 13387179191868389318
2024-08-05T17:55:33.778318+0300,INFO,Address: 0xa9bc2c57082e13c1b4b65802e9399d8c1acb3a3b, Balance: 12350058733639739420
2024-08-05T17:55:33.778318+0300,INFO,Address: 0x4cea551af8db846fe9399ee2dbe2fef45f4e338d, Balance: 10962319781369388000
2024-08-05T17:55:45.689072+0300,INFO,Address: 0x7ff2124df7f719e604373be50f90b31cc945dead, Balance: 450569816834864892974, Date: 2024-08-05T12:14:41+00:00
2024-08-05T17:55:45.689072+0300,INFO,Address: 0x1af1d95496fc89730923cf7513ca9ed3e04cd9a0, Balance: 57797882783744110933, Date: 2024-08-04T09:04:23+00:00
2024-08-05T17:55:45.689072+0300,INFO,Address: 0xabb4fa248f2153eed351fc35218f958b1c1e82fc, Balance: 41355056758324028820, Date: 2024-07-17T05:48:00+00:00
2024-08-05T17:55:45.690575+0300,INFO,Address: 0xe61cd15711723c558ac2e34c0b0af9a69d926533, Balance: 33150034847908860837, Date: 2024-08-02T14:07:54+00:00
2024-08-05T17:55:45.690575+0300,INFO,Address: 0xac340548f3018e5f4a4a469cec02490706a5e974, Balance: 26100420989016988879, Date: 2024-08-05T08:40:18+00:00
2024-08-05T17:56:06.993829+0300,INFO,60226512
2024-08-05T17:56:07.889460+0300,INFO,TBY
2024-08-05T17:56:07.889460+0300,INFO,(10000000000000000, 0.01)
2024-08-05T17:56:09.740039+0300,INFO,[0.01, 0.000433758252518226]
2024-08-05T17:56:11.485386+0300,INFO,[('0x7ff2124df7f719e604373be50f90b31cc945dead', 450569816834864892974), ('0x1af1d95496fc89730923cf7513ca9ed3e04cd9a0', 57797882783744110933), ('0xabb4fa248f2153eed351fc35218f958b1c1e82fc', 41355056758324028820), ('0xe61cd15711723c558ac2e34c0b0af9a69d926533', 33150034847908860837), ('0xac340548f3018e5f4a4a469cec02490706a5e974', 26100420989016988879), ('0xb0936428d25c85544756efa3e487c18a9a26262a', 25298808790053503517), ('0x5f84192d83a49c2d7aac6c859a7bdabf18e970b8', 17232193625651018117), ('0xdb342d7e9f044976f6d223f0c4806bb1a9f1b889', 13387179191868389318), ('0xa9bc2c57082e13c1b4b65802e9399d8c1acb3a3b', 12350058733639739420), ('0x4cea551af8db846fe9399ee2dbe2fef45f4e338d', 10962319781369388000)]
2024-08-05T17:56:11.485386+0300,INFO,Address: 0x7ff2124df7f719e604373be50f90b31cc945dead, Balance: 450569816834864892974
2024-08-05T17:56:11.485386+0300,INFO,Address: 0x1af1d95496fc89730923cf7513ca9ed3e04cd9a0, Balance: 57797882783744110933
2024-08-05T17:56:11.485386+0300,INFO,Address: 0xabb4fa248f2153eed351fc35218f958b1c1e82fc, Balance: 41355056758324028820
2024-08-05T17:56:11.485386+0300,INFO,Address: 0xe61cd15711723c558ac2e34c0b0af9a69d926533, Balance: 33150034847908860837
2024-08-05T17:56:11.486889+0300,INFO,Address: 0xac340548f3018e5f4a4a469cec02490706a5e974, Balance: 26100420989016988879
2024-08-05T17:56:11.486889+0300,INFO,Address: 0xb0936428d25c85544756efa3e487c18a9a26262a, Balance: 25298808790053503517
2024-08-05T17:56:11.486889+0300,INFO,Address: 0x5f84192d83a49c2d7aac6c859a7bdabf18e970b8, Balance: 17232193625651018117
2024-08-05T17:56:11.486889+0300,INFO,Address: 0xdb342d7e9f044976f6d223f0c4806bb1a9f1b889, Balance: 13387179191868389318
2024-08-05T17:56:11.486889+0300,INFO,Address: 0xa9bc2c57082e13c1b4b65802e9399d8c1acb3a3b, Balance: 12350058733639739420
2024-08-05T17:56:11.486889+0300,INFO,Address: 0x4cea551af8db846fe9399ee2dbe2fef45f4e338d, Balance: 10962319781369388000
2024-08-05T17:56:24.064920+0300,INFO,Address: 0x7ff2124df7f719e604373be50f90b31cc945dead, Balance: 450569816834864892974, Date: 2024-08-05T12:14:41+00:00
2024-08-05T17:56:24.064920+0300,INFO,Address: 0x1af1d95496fc89730923cf7513ca9ed3e04cd9a0, Balance: 57797882783744110933, Date: 2024-08-04T09:04:23+00:00
2024-08-05T17:56:24.064920+0300,INFO,Address: 0xabb4fa248f2153eed351fc35218f958b1c1e82fc, Balance: 41355056758324028820, Date: 2024-07-17T05:48:00+00:00
2024-08-05T17:56:24.064920+0300,INFO,Address: 0xe61cd15711723c558ac2e34c0b0af9a69d926533, Balance: 33150034847908860837, Date: 2024-08-02T14:07:54+00:00
2024-08-05T17:56:24.065921+0300,INFO,Address: 0xac340548f3018e5f4a4a469cec02490706a5e974, Balance: 26100420989016988879, Date: 2024-08-05T08:40:18+00:00
2024-08-05T18:17:44.461745+0300,INFO,60227107
2024-08-05T18:17:45.375158+0300,INFO,TBY
2024-08-05T18:17:45.376159+0300,INFO,(10000000000000000, 0.01)
2024-08-05T18:17:46.575244+0300,INFO,[0.01, 0.000433758252518226]
2024-08-05T18:17:49.751383+0300,INFO,[('0x7ff2124df7f719e604373be50f90b31cc945dead', 450571377887564285500), ('0x1af1d95496fc89730923cf7513ca9ed3e04cd9a0', 57797882783744110933), ('0xabb4fa248f2153eed351fc35218f958b1c1e82fc', 41355056758324028820), ('0xe61cd15711723c558ac2e34c0b0af9a69d926533', 33150034847908860837), ('0xac340548f3018e5f4a4a469cec02490706a5e974', 26100420989016988879), ('0xb0936428d25c85544756efa3e487c18a9a26262a', 25298808790053503517), ('0x5f84192d83a49c2d7aac6c859a7bdabf18e970b8', 17232193625651018117), ('0xdb342d7e9f044976f6d223f0c4806bb1a9f1b889', 13387179191868389318), ('0xa9bc2c57082e13c1b4b65802e9399d8c1acb3a3b', 12350058733639739420), ('0x4cea551af8db846fe9399ee2dbe2fef45f4e338d', 10962319781369388000)]
2024-08-05T18:17:49.751383+0300,INFO,Address: 0x7ff2124df7f719e604373be50f90b31cc945dead, Balance: 450571377887564285500
2024-08-05T18:17:49.751383+0300,INFO,Address: 0x1af1d95496fc89730923cf7513ca9ed3e04cd9a0, Balance: 57797882783744110933
2024-08-05T18:17:49.751383+0300,INFO,Address: 0xabb4fa248f2153eed351fc35218f958b1c1e82fc, Balance: 41355056758324028820
2024-08-05T18:17:49.751383+0300,INFO,Address: 0xe61cd15711723c558ac2e34c0b0af9a69d926533, Balance: 33150034847908860837
2024-08-05T18:17:49.751383+0300,INFO,Address: 0xac340548f3018e5f4a4a469cec02490706a5e974, Balance: 26100420989016988879
2024-08-05T18:17:49.752384+0300,INFO,Address: 0xb0936428d25c85544756efa3e487c18a9a26262a, Balance: 25298808790053503517
2024-08-05T18:17:49.752384+0300,INFO,Address: 0x5f84192d83a49c2d7aac6c859a7bdabf18e970b8, Balance: 17232193625651018117
2024-08-05T18:17:49.752889+0300,INFO,Address: 0xdb342d7e9f044976f6d223f0c4806bb1a9f1b889, Balance: 13387179191868389318
2024-08-05T18:17:49.752889+0300,INFO,Address: 0xa9bc2c57082e13c1b4b65802e9399d8c1acb3a3b, Balance: 12350058733639739420
2024-08-05T18:17:49.752889+0300,INFO,Address: 0x4cea551af8db846fe9399ee2dbe2fef45f4e338d, Balance: 10962319781369388000
2024-08-05T18:18:01.914773+0300,INFO,Address: 0x7ff2124df7f719e604373be50f90b31cc945dead, Balance: 450571377887564285500, Date: 2024-08-05T12:14:41+00:00
2024-08-05T18:18:01.914773+0300,INFO,Address: 0x1af1d95496fc89730923cf7513ca9ed3e04cd9a0, Balance: 57797882783744110933, Date: 2024-08-04T09:04:23+00:00
2024-08-05T18:18:01.914773+0300,INFO,Address: 0xabb4fa248f2153eed351fc35218f958b1c1e82fc, Balance: 41355056758324028820, Date: 2024-07-17T05:48:00+00:00
2024-08-05T18:18:01.914773+0300,INFO,Address: 0xe61cd15711723c558ac2e34c0b0af9a69d926533, Balance: 33150034847908860837, Date: 2024-08-02T14:07:54+00:00
2024-08-05T18:18:01.914773+0300,INFO,Address: 0xac340548f3018e5f4a4a469cec02490706a5e974, Balance: 26100420989016988879, Date: 2024-08-05T08:40:18+00:00
